<?xml version="1.0" encoding="UTF-8"?>
<!-- Generated by org.testng.reporters.JUnitReportReporter -->
<testsuite hostname="dmitry-laptop" name="com.ragency.tests.SkillDaoTest" tests="1" failures="0" timestamp="11 May 2015 16:14:37 GMT" time="2.796" errors="0">
  <testcase name="skillDaoTest" time="2.796" classname="com.ragency.tests.SkillDaoTest"/>
</testsuite> <!-- com.ragency.tests.SkillDaoTest -->
