<?xml version="1.0" encoding="UTF-8"?>
<!-- Generated by org.testng.reporters.JUnitReportReporter -->
<testsuite hostname="dmitry-laptop" name="tests.CompanyTest" tests="1" failures="0" timestamp="29 Mar 2015 12:59:36 GMT" time="3.377" errors="0">
  <testcase name="test" time="3.377" classname="tests.CompanyTest"/>
</testsuite> <!-- tests.CompanyTest -->
